#
# A fatal error has been detected by the Java Runtime Environment:
#
#  Internal Error (classFileParser.cpp:3494), pid=11497, tid=139827321964288
#  Error: ShouldNotReachHere()
#
# JRE version: 6.0_27-b27
# Java VM: OpenJDK 64-Bit Server VM (20.0-b12 mixed mode linux-amd64 compressed oops)
# Derivative: IcedTea6 1.12.6
# Distribution: Ubuntu 12.04 LTS, package 6b27-1.12.6-1ubuntu0.12.04.4
# If you would like to submit a bug report, please include
# instructions how to reproduce the bug and visit:
#   https://bugs.launchpad.net/ubuntu/+source/openjdk-6/
#

---------------  T H R E A D  ---------------

Current thread (0x00007f2c0c007800):  JavaThread "Unknown thread" [_thread_in_vm, id=11498, stack(0x00007f2c15cb0000,0x00007f2c15db1000)]

Stack: [0x00007f2c15cb0000,0x00007f2c15db1000],  sp=0x00007f2c15daf080,  free space=1020k
Native frames: (J=compiled Java code, j=interpreted, Vv=VM code, C=native code)
V  [libjvm.so+0x782b85]  VMError::report(outputStream*)+0x1255
V  [libjvm.so+0x782e09]  VMError::report_and_die()+0x169
V  [libjvm.so+0x3ba51a]  report_vm_error(char const*, int, char const*, char const*)+0x4a
V  [libjvm.so+0x3508f5]  ClassFileParser::parseClassFile(symbolHandle, Handle, Handle, KlassHandle, GrowableArray<Handle>*, symbolHandle&, bool, Thread*)+0x1555
V  [libjvm.so+0x354b63]  ClassLoader::load_classfile(symbolHandle, Thread*)+0x1f3
V  [libjvm.so+0x71ad84]  SystemDictionary::load_instance_class(symbolHandle, Handle, Thread*)+0x354
V  [libjvm.so+0x719480]  SystemDictionary::resolve_instance_class_or_null(symbolHandle, Handle, Handle, Thread*)+0x7c0
V  [libjvm.so+0x71b413]  SystemDictionary::resolve_or_fail(symbolHandle, Handle, Handle, bool, Thread*)+0x33
V  [libjvm.so+0x71b4f4]  SystemDictionary::resolve_or_fail(symbolHandle, bool, Thread*)+0x14
V  [libjvm.so+0x71b5a0]  SystemDictionary::initialize_wk_klass(SystemDictionary::WKID, int, Thread*)+0xa0
V  [libjvm.so+0x71b609]  SystemDictionary::initialize_wk_klasses_until(SystemDictionary::WKID, SystemDictionary::WKID&, Thread*)+0x59
V  [libjvm.so+0x71b701]  SystemDictionary::initialize_preloaded_classes(Thread*)+0x71
V  [libjvm.so+0x75ee1f]  Universe::genesis(Thread*)+0x11f
V  [libjvm.so+0x75f7cf]  universe2_init()+0x1f
V  [libjvm.so+0x472de5]  init_globals()+0x95
V  [libjvm.so+0x74961a]  Threads::create_vm(JavaVMInitArgs*, bool*)+0x1ea
V  [libjvm.so+0x4cccb1]  JNI_CreateJavaVM+0x61
C  [java+0x31ae]  JavaMain+0x7e


---------------  P R O C E S S  ---------------

Java Threads: ( => current thread )

Other Threads:

=>0x00007f2c0c007800 (exited) JavaThread "Unknown thread" [_thread_in_vm, id=11498, stack(0x00007f2c15cb0000,0x00007f2c15db1000)]

VM state:not at safepoint (not fully initialized)

VM Mutex/Monitor currently owned by a thread: None

Dynamic libraries:
00400000-00409000 r-xp 00000000 08:21 394544                             /usr/lib/jvm/java-6-openjdk-amd64/jre/bin/java
00608000-00609000 r--p 00008000 08:21 394544                             /usr/lib/jvm/java-6-openjdk-amd64/jre/bin/java
00609000-0060a000 rw-p 00009000 08:21 394544                             /usr/lib/jvm/java-6-openjdk-amd64/jre/bin/java
0242d000-0244e000 rw-p 00000000 00:00 0                                  [heap]
6fac00000-6fc0c0000 rw-p 00000000 00:00 0 
6fc0c0000-705200000 rw-p 00000000 00:00 0 
705200000-70f940000 rw-p 00000000 00:00 0 
70f940000-7ac600000 rw-p 00000000 00:00 0 
7ac600000-7b1990000 rw-p 00000000 00:00 0 
7b1990000-800000000 rw-p 00000000 00:00 0 
7f2bf4000000-7f2bf4021000 rw-p 00000000 00:00 0 
7f2bf4021000-7f2bf8000000 ---p 00000000 00:00 0 
7f2bfc000000-7f2bfc021000 rw-p 00000000 00:00 0 
7f2bfc021000-7f2c00000000 ---p 00000000 00:00 0 
7f2c00000000-7f2c00021000 rw-p 00000000 00:00 0 
7f2c00021000-7f2c04000000 ---p 00000000 00:00 0 
7f2c04000000-7f2c04021000 rw-p 00000000 00:00 0 
7f2c04021000-7f2c08000000 ---p 00000000 00:00 0 
7f2c09000000-7f2c09270000 rwxp 00000000 00:00 0 
7f2c09270000-7f2c0c084000 rw-p 00000000 00:00 0 
7f2c0c084000-7f2c10000000 ---p 00000000 00:00 0 
7f2c1189c000-7f2c11973000 r--s 013f2000 08:23 3542742                    /home/jorge/Android/sdk/platforms/android-19/android.jar
7f2c11973000-7f2c1199b000 rw-p 00000000 00:00 0 
7f2c1199b000-7f2c1199c000 ---p 00000000 00:00 0 
7f2c1199c000-7f2c11a9c000 rw-p 00000000 00:00 0 
7f2c11a9c000-7f2c11a9d000 ---p 00000000 00:00 0 
7f2c11a9d000-7f2c11b9d000 rw-p 00000000 00:00 0 
7f2c11b9d000-7f2c11b9e000 ---p 00000000 00:00 0 
7f2c11b9e000-7f2c11c9e000 rw-p 00000000 00:00 0 
7f2c11c9e000-7f2c11c9f000 ---p 00000000 00:00 0 
7f2c11c9f000-7f2c11daa000 rw-p 00000000 00:00 0 
7f2c11daa000-7f2c11df2000 rw-p 00000000 00:00 0 
7f2c11df2000-7f2c11e46000 rw-p 00000000 00:00 0 
7f2c11e46000-7f2c1232c000 rw-p 00000000 00:00 0 
7f2c1232c000-7f2c12337000 rw-p 00000000 00:00 0 
7f2c12337000-7f2c1237f000 rw-p 00000000 00:00 0 
7f2c1237f000-7f2c123d3000 rw-p 00000000 00:00 0 
7f2c123d3000-7f2c128b9000 rw-p 00000000 00:00 0 
7f2c128b9000-7f2c128e3000 rw-p 00000000 00:00 0 
7f2c128e3000-7f2c12b56000 rw-p 00000000 00:00 0 
7f2c12b56000-7f2c12b57000 rw-p 00000000 00:00 0 
7f2c12b57000-7f2c12b5e000 r-xp 00000000 08:21 394504                     /usr/lib/jvm/java-6-openjdk-amd64/jre/lib/amd64/libzip.so
7f2c12b5e000-7f2c12d5d000 ---p 00007000 08:21 394504                     /usr/lib/jvm/java-6-openjdk-amd64/jre/lib/amd64/libzip.so
7f2c12d5d000-7f2c12d5e000 r--p 00006000 08:21 394504                     /usr/lib/jvm/java-6-openjdk-amd64/jre/lib/amd64/libzip.so
7f2c12d5e000-7f2c12d5f000 rw-p 00007000 08:21 394504                     /usr/lib/jvm/java-6-openjdk-amd64/jre/lib/amd64/libzip.so
7f2c12d5f000-7f2c12d6b000 r-xp 00000000 08:21 1180158                    /lib/x86_64-linux-gnu/libnss_files-2.15.so
7f2c12d6b000-7f2c12f6a000 ---p 0000c000 08:21 1180158                    /lib/x86_64-linux-gnu/libnss_files-2.15.so
7f2c12f6a000-7f2c12f6b000 r--p 0000b000 08:21 1180158                    /lib/x86_64-linux-gnu/libnss_files-2.15.so
7f2c12f6b000-7f2c12f6c000 rw-p 0000c000 08:21 1180158                    /lib/x86_64-linux-gnu/libnss_files-2.15.so
7f2c12f6c000-7f2c12f76000 r-xp 00000000 08:21 1183588                    /lib/x86_64-linux-gnu/libnss_nis-2.15.so
7f2c12f76000-7f2c13176000 ---p 0000a000 08:21 1183588                    /lib/x86_64-linux-gnu/libnss_nis-2.15.so
7f2c13176000-7f2c13177000 r--p 0000a000 08:21 1183588                    /lib/x86_64-linux-gnu/libnss_nis-2.15.so
7f2c13177000-7f2c13178000 rw-p 0000b000 08:21 1183588                    /lib/x86_64-linux-gnu/libnss_nis-2.15.so
7f2c13178000-7f2c1318f000 r-xp 00000000 08:21 1183937                    /lib/x86_64-linux-gnu/libnsl-2.15.so
7f2c1318f000-7f2c1338e000 ---p 00017000 08:21 1183937                    /lib/x86_64-linux-gnu/libnsl-2.15.so
7f2c1338e000-7f2c1338f000 r--p 00016000 08:21 1183937                    /lib/x86_64-linux-gnu/libnsl-2.15.so
7f2c1338f000-7f2c13390000 rw-p 00017000 08:21 1183937                    /lib/x86_64-linux-gnu/libnsl-2.15.so
7f2c13390000-7f2c13392000 rw-p 00000000 00:00 0 
7f2c13392000-7f2c1339a000 r-xp 00000000 08:21 1180152                    /lib/x86_64-linux-gnu/libnss_compat-2.15.so
7f2c1339a000-7f2c13599000 ---p 00008000 08:21 1180152                    /lib/x86_64-linux-gnu/libnss_compat-2.15.so
7f2c13599000-7f2c1359a000 r--p 00007000 08:21 1180152                    /lib/x86_64-linux-gnu/libnss_compat-2.15.so
7f2c1359a000-7f2c1359b000 rw-p 00008000 08:21 1180152                    /lib/x86_64-linux-gnu/libnss_compat-2.15.so
7f2c1359b000-7f2c135c7000 r-xp 00000000 08:21 394500                     /usr/lib/jvm/java-6-openjdk-amd64/jre/lib/amd64/libjava.so
7f2c135c7000-7f2c137c6000 ---p 0002c000 08:21 394500                     /usr/lib/jvm/java-6-openjdk-amd64/jre/lib/amd64/libjava.so
7f2c137c6000-7f2c137c7000 r--p 0002b000 08:21 394500                     /usr/lib/jvm/java-6-openjdk-amd64/jre/lib/amd64/libjava.so
7f2c137c7000-7f2c137ca000 rw-p 0002c000 08:21 394500                     /usr/lib/jvm/java-6-openjdk-amd64/jre/lib/amd64/libjava.so
7f2c137ca000-7f2c137d8000 r-xp 00000000 08:21 394513                     /usr/lib/jvm/java-6-openjdk-amd64/jre/lib/amd64/libverify.so
7f2c137d8000-7f2c139d7000 ---p 0000e000 08:21 394513                     /usr/lib/jvm/java-6-openjdk-amd64/jre/lib/amd64/libverify.so
7f2c139d7000-7f2c139d9000 r--p 0000d000 08:21 394513                     /usr/lib/jvm/java-6-openjdk-amd64/jre/lib/amd64/libverify.so
7f2c139d9000-7f2c139da000 rw-p 0000f000 08:21 394513                     /usr/lib/jvm/java-6-openjdk-amd64/jre/lib/amd64/libverify.so
7f2c139da000-7f2c139e1000 r-xp 00000000 08:21 1183564                    /lib/x86_64-linux-gnu/librt-2.15.so
7f2c139e1000-7f2c13be0000 ---p 00007000 08:21 1183564                    /lib/x86_64-linux-gnu/librt-2.15.so
7f2c13be0000-7f2c13be1000 r--p 00006000 08:21 1183564                    /lib/x86_64-linux-gnu/librt-2.15.so
7f2c13be1000-7f2c13be2000 rw-p 00007000 08:21 1183564                    /lib/x86_64-linux-gnu/librt-2.15.so
7f2c13be2000-7f2c13bf7000 r-xp 00000000 08:21 1183837                    /lib/x86_64-linux-gnu/libgcc_s.so.1
7f2c13bf7000-7f2c13df6000 ---p 00015000 08:21 1183837                    /lib/x86_64-linux-gnu/libgcc_s.so.1
7f2c13df6000-7f2c13df7000 r--p 00014000 08:21 1183837                    /lib/x86_64-linux-gnu/libgcc_s.so.1
7f2c13df7000-7f2c13df8000 rw-p 00015000 08:21 1183837                    /lib/x86_64-linux-gnu/libgcc_s.so.1
7f2c13df8000-7f2c13ef3000 r-xp 00000000 08:21 1183928                    /lib/x86_64-linux-gnu/libm-2.15.so
7f2c13ef3000-7f2c140f2000 ---p 000fb000 08:21 1183928                    /lib/x86_64-linux-gnu/libm-2.15.so
7f2c140f2000-7f2c140f3000 r--p 000fa000 08:21 1183928                    /lib/x86_64-linux-gnu/libm-2.15.so
7f2c140f3000-7f2c140f4000 rw-p 000fb000 08:21 1183928                    /lib/x86_64-linux-gnu/libm-2.15.so
7f2c140f4000-7f2c141d6000 r-xp 00000000 08:21 8720                       /usr/lib/x86_64-linux-gnu/libstdc++.so.6.0.16
7f2c141d6000-7f2c143d5000 ---p 000e2000 08:21 8720                       /usr/lib/x86_64-linux-gnu/libstdc++.so.6.0.16
7f2c143d5000-7f2c143dd000 r--p 000e1000 08:21 8720                       /usr/lib/x86_64-linux-gnu/libstdc++.so.6.0.16
7f2c143dd000-7f2c143df000 rw-p 000e9000 08:21 8720                       /usr/lib/x86_64-linux-gnu/libstdc++.so.6.0.16
7f2c143df000-7f2c143f4000 rw-p 00000000 00:00 0 
7f2c143f4000-7f2c14cf4000 r-xp 00000000 08:21 394525                     /usr/lib/jvm/java-6-openjdk-amd64/jre/lib/amd64/server/libjvm.so
7f2c14cf4000-7f2c14ef4000 ---p 00900000 08:21 394525                     /usr/lib/jvm/java-6-openjdk-amd64/jre/lib/amd64/server/libjvm.so
7f2c14ef4000-7f2c14f75000 r--p 00900000 08:21 394525                     /usr/lib/jvm/java-6-openjdk-amd64/jre/lib/amd64/server/libjvm.so
7f2c14f75000-7f2c14f90000 rw-p 00981000 08:21 394525                     /usr/lib/jvm/java-6-openjdk-amd64/jre/lib/amd64/server/libjvm.so
7f2c14f90000-7f2c14fb9000 rw-p 00000000 00:00 0 
7f2c14fb9000-7f2c14fcf000 r-xp 00000000 08:21 1183927                    /lib/x86_64-linux-gnu/libz.so.1.2.3.4
7f2c14fcf000-7f2c151ce000 ---p 00016000 08:21 1183927                    /lib/x86_64-linux-gnu/libz.so.1.2.3.4
7f2c151ce000-7f2c151cf000 r--p 00015000 08:21 1183927                    /lib/x86_64-linux-gnu/libz.so.1.2.3.4
7f2c151cf000-7f2c151d0000 rw-p 00016000 08:21 1183927                    /lib/x86_64-linux-gnu/libz.so.1.2.3.4
7f2c151d0000-7f2c15385000 r-xp 00000000 08:21 1180148                    /lib/x86_64-linux-gnu/libc-2.15.so
7f2c15385000-7f2c15585000 ---p 001b5000 08:21 1180148                    /lib/x86_64-linux-gnu/libc-2.15.so
7f2c15585000-7f2c15589000 r--p 001b5000 08:21 1180148                    /lib/x86_64-linux-gnu/libc-2.15.so
7f2c15589000-7f2c1558b000 rw-p 001b9000 08:21 1180148                    /lib/x86_64-linux-gnu/libc-2.15.so
7f2c1558b000-7f2c15590000 rw-p 00000000 00:00 0 
7f2c15590000-7f2c15592000 r-xp 00000000 08:21 1183932                    /lib/x86_64-linux-gnu/libdl-2.15.so
7f2c15592000-7f2c15792000 ---p 00002000 08:21 1183932                    /lib/x86_64-linux-gnu/libdl-2.15.so
7f2c15792000-7f2c15793000 r--p 00002000 08:21 1183932                    /lib/x86_64-linux-gnu/libdl-2.15.so
7f2c15793000-7f2c15794000 rw-p 00003000 08:21 1183932                    /lib/x86_64-linux-gnu/libdl-2.15.so
7f2c15794000-7f2c15798000 r-xp 00000000 08:21 394530                     /usr/lib/jvm/java-6-openjdk-amd64/jre/lib/amd64/jli/libjli.so
7f2c15798000-7f2c15997000 ---p 00004000 08:21 394530                     /usr/lib/jvm/java-6-openjdk-amd64/jre/lib/amd64/jli/libjli.so
7f2c15997000-7f2c15998000 r--p 00003000 08:21 394530                     /usr/lib/jvm/java-6-openjdk-amd64/jre/lib/amd64/jli/libjli.so
7f2c15998000-7f2c15999000 rw-p 00004000 08:21 394530                     /usr/lib/jvm/java-6-openjdk-amd64/jre/lib/amd64/jli/libjli.so
7f2c15999000-7f2c159b1000 r-xp 00000000 08:21 1183632                    /lib/x86_64-linux-gnu/libpthread-2.15.so
7f2c159b1000-7f2c15bb0000 ---p 00018000 08:21 1183632                    /lib/x86_64-linux-gnu/libpthread-2.15.so
7f2c15bb0000-7f2c15bb1000 r--p 00017000 08:21 1183632                    /lib/x86_64-linux-gnu/libpthread-2.15.so
7f2c15bb1000-7f2c15bb2000 rw-p 00018000 08:21 1183632                    /lib/x86_64-linux-gnu/libpthread-2.15.so
7f2c15bb2000-7f2c15bb6000 rw-p 00000000 00:00 0 
7f2c15bb6000-7f2c15bd8000 r-xp 00000000 08:21 1183929                    /lib/x86_64-linux-gnu/ld-2.15.so
7f2c15bf0000-7f2c15bfa000 rw-p 00000000 00:00 0 
7f2c15bfa000-7f2c15cb0000 rw-p 00000000 00:00 0 
7f2c15cb0000-7f2c15cb3000 ---p 00000000 00:00 0 
7f2c15cb3000-7f2c15db6000 rw-p 00000000 00:00 0 
7f2c15dcc000-7f2c15dd4000 rw-s 00000000 08:21 1052126                    /tmp/hsperfdata_jorge/11497
7f2c15dd4000-7f2c15dd5000 rw-p 00000000 00:00 0 
7f2c15dd5000-7f2c15dd6000 r--p 00000000 00:00 0 
7f2c15dd6000-7f2c15dd8000 rw-p 00000000 00:00 0 
7f2c15dd8000-7f2c15dd9000 r--p 00022000 08:21 1183929                    /lib/x86_64-linux-gnu/ld-2.15.so
7f2c15dd9000-7f2c15ddb000 rw-p 00023000 08:21 1183929                    /lib/x86_64-linux-gnu/ld-2.15.so
7fff51cbc000-7fff51cdd000 rw-p 00000000 00:00 0                          [stack]
7fff51dff000-7fff51e00000 r-xp 00000000 00:00 0                          [vdso]
ffffffffff600000-ffffffffff601000 r-xp 00000000 00:00 0                  [vsyscall]

VM Arguments:
jvm_args: -Dfile.encoding=UTF-8 -Xbootclasspath:/home/jorge/Android/sdk/platforms/android-19/android.jar 
java_command: com.staw.util.Dado
Launcher Type: SUN_STANDARD

Environment Variables:
PATH=/usr/lib/lightdm/lightdm:/usr/local/sbin:/usr/local/bin:/usr/sbin:/usr/bin:/sbin:/bin:/usr/games
LD_LIBRARY_PATH=/usr/lib/jvm/java-6-openjdk-amd64/jre/lib/amd64/server:/usr/lib/jvm/java-6-openjdk-amd64/jre/lib/amd64:/usr/lib/jvm/java-6-openjdk-amd64/jre/../lib/amd64
SHELL=/bin/bash
DISPLAY=:0.0

Signal Handlers:
SIGSEGV: [libjvm.so+0x7837c0], sa_mask[0]=0x7ffbfeff, sa_flags=0x10000004
SIGBUS: [libjvm.so+0x7837c0], sa_mask[0]=0x7ffbfeff, sa_flags=0x10000004
SIGFPE: [libjvm.so+0x647740], sa_mask[0]=0x7ffbfeff, sa_flags=0x10000004
SIGPIPE: [libjvm.so+0x647740], sa_mask[0]=0x7ffbfeff, sa_flags=0x10000004
SIGXFSZ: [libjvm.so+0x647740], sa_mask[0]=0x7ffbfeff, sa_flags=0x10000004
SIGILL: [libjvm.so+0x647740], sa_mask[0]=0x7ffbfeff, sa_flags=0x10000004
SIGUSR1: SIG_DFL, sa_mask[0]=0x00000000, sa_flags=0x00000000
SIGUSR2: [libjvm.so+0x647920], sa_mask[0]=0x00000004, sa_flags=0x10000004
SIGHUP: SIG_DFL, sa_mask[0]=0x00000000, sa_flags=0x00000000
SIGINT: SIG_DFL, sa_mask[0]=0x00000000, sa_flags=0x00000000
SIGTERM: SIG_DFL, sa_mask[0]=0x00000000, sa_flags=0x00000000
SIGQUIT: SIG_DFL, sa_mask[0]=0x00000000, sa_flags=0x00000000


---------------  S Y S T E M  ---------------

OS:Ubuntu 12.04 (precise)
uname:Linux 3.2.0-57-generic #87-Ubuntu SMP Tue Nov 12 21:35:10 UTC 2013 x86_64
libc:glibc 2.15 NPTL 2.15 
rlimit: STACK 8192k, CORE 0k, NPROC 127749, NOFILE 4096, AS infinity
load average:2.10 2.08 1.78

/proc/meminfo:
MemTotal:       16435564 kB
MemFree:         6776696 kB
Buffers:          319340 kB
Cached:          4668296 kB
SwapCached:            0 kB
Active:          6355944 kB
Inactive:        2677936 kB
Active(anon):    4049304 kB
Inactive(anon):     9124 kB
Active(file):    2306640 kB
Inactive(file):  2668812 kB
Unevictable:          24 kB
Mlocked:              24 kB
SwapTotal:       7998460 kB
SwapFree:        7998460 kB
Dirty:               124 kB
Writeback:             0 kB
AnonPages:       4046424 kB
Mapped:           289352 kB
Shmem:             12016 kB
Slab:             315064 kB
SReclaimable:     276424 kB
SUnreclaim:        38640 kB
KernelStack:        4640 kB
PageTables:        44960 kB
NFS_Unstable:          0 kB
Bounce:                0 kB
WritebackTmp:          0 kB
CommitLimit:    16216240 kB
Committed_AS:    8210404 kB
VmallocTotal:   34359738367 kB
VmallocUsed:      346536 kB
VmallocChunk:   34359387132 kB
HardwareCorrupted:     0 kB
AnonHugePages:         0 kB
HugePages_Total:       0
HugePages_Free:        0
HugePages_Rsvd:        0
HugePages_Surp:        0
Hugepagesize:       2048 kB
DirectMap4k:      196224 kB
DirectMap2M:    11337728 kB
DirectMap1G:     5242880 kB


CPU:total 4 (4 cores per cpu, 1 threads per core) family 16 model 4 stepping 3, cmov, cx8, fxsr, mmx, sse, sse2, sse3, popcnt, mmxext, 3dnowpref, lzcnt, sse4a

Memory: 4k page, physical 16435564k(6776696k free), swap 7998460k(7998460k free)

vm_info: OpenJDK 64-Bit Server VM (20.0-b12) for linux-amd64 JRE (1.6.0_27-b27), built on Nov 16 2013 15:13:05 by "buildd" with gcc 4.6.3

time: Sun Jan 19 15:59:17 2014
elapsed time: 0 seconds

