#
# A fatal error has been detected by the Java Runtime Environment:
#
#  Internal Error (classFileParser.cpp:3494), pid=12140, tid=140653619664640
#  Error: ShouldNotReachHere()
#
# JRE version: 6.0_27-b27
# Java VM: OpenJDK 64-Bit Server VM (20.0-b12 mixed mode linux-amd64 compressed oops)
# Derivative: IcedTea6 1.12.6
# Distribution: Ubuntu 12.04 LTS, package 6b27-1.12.6-1ubuntu0.12.04.4
# If you would like to submit a bug report, please include
# instructions how to reproduce the bug and visit:
#   https://bugs.launchpad.net/ubuntu/+source/openjdk-6/
#

---------------  T H R E A D  ---------------

Current thread (0x00007fec7000a000):  JavaThread "Unknown thread" [_thread_in_vm, id=12146, stack(0x00007fec78f95000,0x00007fec79096000)]

Stack: [0x00007fec78f95000,0x00007fec79096000],  sp=0x00007fec79094080,  free space=1020k
Native frames: (J=compiled Java code, j=interpreted, Vv=VM code, C=native code)
V  [libjvm.so+0x782b85]  VMError::report(outputStream*)+0x1255
V  [libjvm.so+0x782e09]  VMError::report_and_die()+0x169
V  [libjvm.so+0x3ba51a]  report_vm_error(char const*, int, char const*, char const*)+0x4a
V  [libjvm.so+0x3508f5]  ClassFileParser::parseClassFile(symbolHandle, Handle, Handle, KlassHandle, GrowableArray<Handle>*, symbolHandle&, bool, Thread*)+0x1555
V  [libjvm.so+0x354b63]  ClassLoader::load_classfile(symbolHandle, Thread*)+0x1f3
V  [libjvm.so+0x71ad84]  SystemDictionary::load_instance_class(symbolHandle, Handle, Thread*)+0x354
V  [libjvm.so+0x719480]  SystemDictionary::resolve_instance_class_or_null(symbolHandle, Handle, Handle, Thread*)+0x7c0
V  [libjvm.so+0x71b413]  SystemDictionary::resolve_or_fail(symbolHandle, Handle, Handle, bool, Thread*)+0x33
V  [libjvm.so+0x71b4f4]  SystemDictionary::resolve_or_fail(symbolHandle, bool, Thread*)+0x14
V  [libjvm.so+0x71b5a0]  SystemDictionary::initialize_wk_klass(SystemDictionary::WKID, int, Thread*)+0xa0
V  [libjvm.so+0x71b609]  SystemDictionary::initialize_wk_klasses_until(SystemDictionary::WKID, SystemDictionary::WKID&, Thread*)+0x59
V  [libjvm.so+0x71b701]  SystemDictionary::initialize_preloaded_classes(Thread*)+0x71
V  [libjvm.so+0x75ee1f]  Universe::genesis(Thread*)+0x11f
V  [libjvm.so+0x75f7cf]  universe2_init()+0x1f
V  [libjvm.so+0x472de5]  init_globals()+0x95
V  [libjvm.so+0x74961a]  Threads::create_vm(JavaVMInitArgs*, bool*)+0x1ea
V  [libjvm.so+0x4cccb1]  JNI_CreateJavaVM+0x61
C  [java+0x31ae]  JavaMain+0x7e


---------------  P R O C E S S  ---------------

Java Threads: ( => current thread )

Other Threads:

=>0x00007fec7000a000 (exited) JavaThread "Unknown thread" [_thread_in_vm, id=12146, stack(0x00007fec78f95000,0x00007fec79096000)]

VM state:not at safepoint (not fully initialized)

VM Mutex/Monitor currently owned by a thread: None

Dynamic libraries:
00400000-00409000 r-xp 00000000 08:21 394544                             /usr/lib/jvm/java-6-openjdk-amd64/jre/bin/java
00608000-00609000 r--p 00008000 08:21 394544                             /usr/lib/jvm/java-6-openjdk-amd64/jre/bin/java
00609000-0060a000 rw-p 00009000 08:21 394544                             /usr/lib/jvm/java-6-openjdk-amd64/jre/bin/java
01406000-01427000 rw-p 00000000 00:00 0                                  [heap]
6fac00000-6fc0c0000 rw-p 00000000 00:00 0 
6fc0c0000-705200000 rw-p 00000000 00:00 0 
705200000-70f940000 rw-p 00000000 00:00 0 
70f940000-7ac600000 rw-p 00000000 00:00 0 
7ac600000-7b1990000 rw-p 00000000 00:00 0 
7b1990000-800000000 rw-p 00000000 00:00 0 
7fec60000000-7fec60021000 rw-p 00000000 00:00 0 
7fec60021000-7fec64000000 ---p 00000000 00:00 0 
7fec68000000-7fec68021000 rw-p 00000000 00:00 0 
7fec68021000-7fec6c000000 ---p 00000000 00:00 0 
7fec6d000000-7fec6d270000 rwxp 00000000 00:00 0 
7fec6d270000-7fec70086000 rw-p 00000000 00:00 0 
7fec70086000-7fec74000000 ---p 00000000 00:00 0 
7fec7405f000-7fec74136000 r--s 013f2000 08:23 3542742                    /home/jorge/Android/sdk/platforms/android-19/android.jar
7fec74136000-7fec7415e000 rw-p 00000000 00:00 0 
7fec7415e000-7fec7415f000 ---p 00000000 00:00 0 
7fec7415f000-7fec7425f000 rw-p 00000000 00:00 0 
7fec7425f000-7fec74260000 ---p 00000000 00:00 0 
7fec74260000-7fec74360000 rw-p 00000000 00:00 0 
7fec74360000-7fec74361000 ---p 00000000 00:00 0 
7fec74361000-7fec74461000 rw-p 00000000 00:00 0 
7fec74461000-7fec74462000 ---p 00000000 00:00 0 
7fec74462000-7fec7456d000 rw-p 00000000 00:00 0 
7fec7456d000-7fec745b5000 rw-p 00000000 00:00 0 
7fec745b5000-7fec74609000 rw-p 00000000 00:00 0 
7fec74609000-7fec74aef000 rw-p 00000000 00:00 0 
7fec74aef000-7fec74afa000 rw-p 00000000 00:00 0 
7fec74afa000-7fec74b42000 rw-p 00000000 00:00 0 
7fec74b42000-7fec74b96000 rw-p 00000000 00:00 0 
7fec74b96000-7fec7507c000 rw-p 00000000 00:00 0 
7fec7507c000-7fec750a6000 rw-p 00000000 00:00 0 
7fec750a6000-7fec75319000 rw-p 00000000 00:00 0 
7fec75319000-7fec7531a000 rw-p 00000000 00:00 0 
7fec7531a000-7fec75321000 r-xp 00000000 08:21 394504                     /usr/lib/jvm/java-6-openjdk-amd64/jre/lib/amd64/libzip.so
7fec75321000-7fec75520000 ---p 00007000 08:21 394504                     /usr/lib/jvm/java-6-openjdk-amd64/jre/lib/amd64/libzip.so
7fec75520000-7fec75521000 r--p 00006000 08:21 394504                     /usr/lib/jvm/java-6-openjdk-amd64/jre/lib/amd64/libzip.so
7fec75521000-7fec75522000 rw-p 00007000 08:21 394504                     /usr/lib/jvm/java-6-openjdk-amd64/jre/lib/amd64/libzip.so
7fec75522000-7fec7552e000 r-xp 00000000 08:21 1180158                    /lib/x86_64-linux-gnu/libnss_files-2.15.so
7fec7552e000-7fec7572d000 ---p 0000c000 08:21 1180158                    /lib/x86_64-linux-gnu/libnss_files-2.15.so
7fec7572d000-7fec7572e000 r--p 0000b000 08:21 1180158                    /lib/x86_64-linux-gnu/libnss_files-2.15.so
7fec7572e000-7fec7572f000 rw-p 0000c000 08:21 1180158                    /lib/x86_64-linux-gnu/libnss_files-2.15.so
7fec7572f000-7fec75739000 r-xp 00000000 08:21 1183588                    /lib/x86_64-linux-gnu/libnss_nis-2.15.so
7fec75739000-7fec75939000 ---p 0000a000 08:21 1183588                    /lib/x86_64-linux-gnu/libnss_nis-2.15.so
7fec75939000-7fec7593a000 r--p 0000a000 08:21 1183588                    /lib/x86_64-linux-gnu/libnss_nis-2.15.so
7fec7593a000-7fec7593b000 rw-p 0000b000 08:21 1183588                    /lib/x86_64-linux-gnu/libnss_nis-2.15.so
7fec7593b000-7fec75952000 r-xp 00000000 08:21 1183937                    /lib/x86_64-linux-gnu/libnsl-2.15.so
7fec75952000-7fec75b51000 ---p 00017000 08:21 1183937                    /lib/x86_64-linux-gnu/libnsl-2.15.so
7fec75b51000-7fec75b52000 r--p 00016000 08:21 1183937                    /lib/x86_64-linux-gnu/libnsl-2.15.so
7fec75b52000-7fec75b53000 rw-p 00017000 08:21 1183937                    /lib/x86_64-linux-gnu/libnsl-2.15.so
7fec75b53000-7fec75b55000 rw-p 00000000 00:00 0 
7fec75b55000-7fec75b5d000 r-xp 00000000 08:21 1180152                    /lib/x86_64-linux-gnu/libnss_compat-2.15.so
7fec75b5d000-7fec75d5c000 ---p 00008000 08:21 1180152                    /lib/x86_64-linux-gnu/libnss_compat-2.15.so
7fec75d5c000-7fec75d5d000 r--p 00007000 08:21 1180152                    /lib/x86_64-linux-gnu/libnss_compat-2.15.so
7fec75d5d000-7fec75d5e000 rw-p 00008000 08:21 1180152                    /lib/x86_64-linux-gnu/libnss_compat-2.15.so
7fec75d5e000-7fec76441000 r--p 00000000 08:21 7122                       /usr/lib/locale/locale-archive
7fec76441000-7fec76444000 r-xp 00000000 08:21 394511                     /usr/lib/jvm/java-6-openjdk-amd64/jre/lib/amd64/libnpt.so
7fec76444000-7fec76643000 ---p 00003000 08:21 394511                     /usr/lib/jvm/java-6-openjdk-amd64/jre/lib/amd64/libnpt.so
7fec76643000-7fec76644000 r--p 00002000 08:21 394511                     /usr/lib/jvm/java-6-openjdk-amd64/jre/lib/amd64/libnpt.so
7fec76644000-7fec76645000 rw-p 00003000 08:21 394511                     /usr/lib/jvm/java-6-openjdk-amd64/jre/lib/amd64/libnpt.so
7fec76645000-7fec7667f000 r-xp 00000000 08:21 394512                     /usr/lib/jvm/java-6-openjdk-amd64/jre/lib/amd64/libjdwp.so
7fec7667f000-7fec7687e000 ---p 0003a000 08:21 394512                     /usr/lib/jvm/java-6-openjdk-amd64/jre/lib/amd64/libjdwp.so
7fec7687e000-7fec7687f000 r--p 00039000 08:21 394512                     /usr/lib/jvm/java-6-openjdk-amd64/jre/lib/amd64/libjdwp.so
7fec7687f000-7fec76880000 rw-p 0003a000 08:21 394512                     /usr/lib/jvm/java-6-openjdk-amd64/jre/lib/amd64/libjdwp.so
7fec76880000-7fec768ac000 r-xp 00000000 08:21 394500                     /usr/lib/jvm/java-6-openjdk-amd64/jre/lib/amd64/libjava.so
7fec768ac000-7fec76aab000 ---p 0002c000 08:21 394500                     /usr/lib/jvm/java-6-openjdk-amd64/jre/lib/amd64/libjava.so
7fec76aab000-7fec76aac000 r--p 0002b000 08:21 394500                     /usr/lib/jvm/java-6-openjdk-amd64/jre/lib/amd64/libjava.so
7fec76aac000-7fec76aaf000 rw-p 0002c000 08:21 394500                     /usr/lib/jvm/java-6-openjdk-amd64/jre/lib/amd64/libjava.so
7fec76aaf000-7fec76abd000 r-xp 00000000 08:21 394513                     /usr/lib/jvm/java-6-openjdk-amd64/jre/lib/amd64/libverify.so
7fec76abd000-7fec76cbc000 ---p 0000e000 08:21 394513                     /usr/lib/jvm/java-6-openjdk-amd64/jre/lib/amd64/libverify.so
7fec76cbc000-7fec76cbe000 r--p 0000d000 08:21 394513                     /usr/lib/jvm/java-6-openjdk-amd64/jre/lib/amd64/libverify.so
7fec76cbe000-7fec76cbf000 rw-p 0000f000 08:21 394513                     /usr/lib/jvm/java-6-openjdk-amd64/jre/lib/amd64/libverify.so
7fec76cbf000-7fec76cc6000 r-xp 00000000 08:21 1183564                    /lib/x86_64-linux-gnu/librt-2.15.so
7fec76cc6000-7fec76ec5000 ---p 00007000 08:21 1183564                    /lib/x86_64-linux-gnu/librt-2.15.so
7fec76ec5000-7fec76ec6000 r--p 00006000 08:21 1183564                    /lib/x86_64-linux-gnu/librt-2.15.so
7fec76ec6000-7fec76ec7000 rw-p 00007000 08:21 1183564                    /lib/x86_64-linux-gnu/librt-2.15.so
7fec76ec7000-7fec76edc000 r-xp 00000000 08:21 1183837                    /lib/x86_64-linux-gnu/libgcc_s.so.1
7fec76edc000-7fec770db000 ---p 00015000 08:21 1183837                    /lib/x86_64-linux-gnu/libgcc_s.so.1
7fec770db000-7fec770dc000 r--p 00014000 08:21 1183837                    /lib/x86_64-linux-gnu/libgcc_s.so.1
7fec770dc000-7fec770dd000 rw-p 00015000 08:21 1183837                    /lib/x86_64-linux-gnu/libgcc_s.so.1
7fec770dd000-7fec771d8000 r-xp 00000000 08:21 1183928                    /lib/x86_64-linux-gnu/libm-2.15.so
7fec771d8000-7fec773d7000 ---p 000fb000 08:21 1183928                    /lib/x86_64-linux-gnu/libm-2.15.so
7fec773d7000-7fec773d8000 r--p 000fa000 08:21 1183928                    /lib/x86_64-linux-gnu/libm-2.15.so
7fec773d8000-7fec773d9000 rw-p 000fb000 08:21 1183928                    /lib/x86_64-linux-gnu/libm-2.15.so
7fec773d9000-7fec774bb000 r-xp 00000000 08:21 8720                       /usr/lib/x86_64-linux-gnu/libstdc++.so.6.0.16
7fec774bb000-7fec776ba000 ---p 000e2000 08:21 8720                       /usr/lib/x86_64-linux-gnu/libstdc++.so.6.0.16
7fec776ba000-7fec776c2000 r--p 000e1000 08:21 8720                       /usr/lib/x86_64-linux-gnu/libstdc++.so.6.0.16
7fec776c2000-7fec776c4000 rw-p 000e9000 08:21 8720                       /usr/lib/x86_64-linux-gnu/libstdc++.so.6.0.16
7fec776c4000-7fec776d9000 rw-p 00000000 00:00 0 
7fec776d9000-7fec77fd9000 r-xp 00000000 08:21 394525                     /usr/lib/jvm/java-6-openjdk-amd64/jre/lib/amd64/server/libjvm.so
7fec77fd9000-7fec781d9000 ---p 00900000 08:21 394525                     /usr/lib/jvm/java-6-openjdk-amd64/jre/lib/amd64/server/libjvm.so
7fec781d9000-7fec7825a000 r--p 00900000 08:21 394525                     /usr/lib/jvm/java-6-openjdk-amd64/jre/lib/amd64/server/libjvm.so
7fec7825a000-7fec78275000 rw-p 00981000 08:21 394525                     /usr/lib/jvm/java-6-openjdk-amd64/jre/lib/amd64/server/libjvm.so
7fec78275000-7fec7829e000 rw-p 00000000 00:00 0 
7fec7829e000-7fec782b4000 r-xp 00000000 08:21 1183927                    /lib/x86_64-linux-gnu/libz.so.1.2.3.4
7fec782b4000-7fec784b3000 ---p 00016000 08:21 1183927                    /lib/x86_64-linux-gnu/libz.so.1.2.3.4
7fec784b3000-7fec784b4000 r--p 00015000 08:21 1183927                    /lib/x86_64-linux-gnu/libz.so.1.2.3.4
7fec784b4000-7fec784b5000 rw-p 00016000 08:21 1183927                    /lib/x86_64-linux-gnu/libz.so.1.2.3.4
7fec784b5000-7fec7866a000 r-xp 00000000 08:21 1180148                    /lib/x86_64-linux-gnu/libc-2.15.so
7fec7866a000-7fec7886a000 ---p 001b5000 08:21 1180148                    /lib/x86_64-linux-gnu/libc-2.15.so
7fec7886a000-7fec7886e000 r--p 001b5000 08:21 1180148                    /lib/x86_64-linux-gnu/libc-2.15.so
7fec7886e000-7fec78870000 rw-p 001b9000 08:21 1180148                    /lib/x86_64-linux-gnu/libc-2.15.so
7fec78870000-7fec78875000 rw-p 00000000 00:00 0 
7fec78875000-7fec78877000 r-xp 00000000 08:21 1183932                    /lib/x86_64-linux-gnu/libdl-2.15.so
7fec78877000-7fec78a77000 ---p 00002000 08:21 1183932                    /lib/x86_64-linux-gnu/libdl-2.15.so
7fec78a77000-7fec78a78000 r--p 00002000 08:21 1183932                    /lib/x86_64-linux-gnu/libdl-2.15.so
7fec78a78000-7fec78a79000 rw-p 00003000 08:21 1183932                    /lib/x86_64-linux-gnu/libdl-2.15.so
7fec78a79000-7fec78a7d000 r-xp 00000000 08:21 394530                     /usr/lib/jvm/java-6-openjdk-amd64/jre/lib/amd64/jli/libjli.so
7fec78a7d000-7fec78c7c000 ---p 00004000 08:21 394530                     /usr/lib/jvm/java-6-openjdk-amd64/jre/lib/amd64/jli/libjli.so
7fec78c7c000-7fec78c7d000 r--p 00003000 08:21 394530                     /usr/lib/jvm/java-6-openjdk-amd64/jre/lib/amd64/jli/libjli.so
7fec78c7d000-7fec78c7e000 rw-p 00004000 08:21 394530                     /usr/lib/jvm/java-6-openjdk-amd64/jre/lib/amd64/jli/libjli.so
7fec78c7e000-7fec78c96000 r-xp 00000000 08:21 1183632                    /lib/x86_64-linux-gnu/libpthread-2.15.so
7fec78c96000-7fec78e95000 ---p 00018000 08:21 1183632                    /lib/x86_64-linux-gnu/libpthread-2.15.so
7fec78e95000-7fec78e96000 r--p 00017000 08:21 1183632                    /lib/x86_64-linux-gnu/libpthread-2.15.so
7fec78e96000-7fec78e97000 rw-p 00018000 08:21 1183632                    /lib/x86_64-linux-gnu/libpthread-2.15.so
7fec78e97000-7fec78e9b000 rw-p 00000000 00:00 0 
7fec78e9b000-7fec78ebd000 r-xp 00000000 08:21 1183929                    /lib/x86_64-linux-gnu/ld-2.15.so
7fec78ed5000-7fec78edf000 rw-p 00000000 00:00 0 
7fec78edf000-7fec78f95000 rw-p 00000000 00:00 0 
7fec78f95000-7fec78f98000 ---p 00000000 00:00 0 
7fec78f98000-7fec7909b000 rw-p 00000000 00:00 0 
7fec790b1000-7fec790b9000 rw-s 00000000 08:21 1052126                    /tmp/hsperfdata_jorge/12140
7fec790b9000-7fec790ba000 rw-p 00000000 00:00 0 
7fec790ba000-7fec790bb000 r--p 00000000 00:00 0 
7fec790bb000-7fec790bd000 rw-p 00000000 00:00 0 
7fec790bd000-7fec790be000 r--p 00022000 08:21 1183929                    /lib/x86_64-linux-gnu/ld-2.15.so
7fec790be000-7fec790c0000 rw-p 00023000 08:21 1183929                    /lib/x86_64-linux-gnu/ld-2.15.so
7fff597d2000-7fff597f3000 rw-p 00000000 00:00 0                          [stack]
7fff597ff000-7fff59800000 r-xp 00000000 00:00 0                          [vdso]
ffffffffff600000-ffffffffff601000 r-xp 00000000 00:00 0                  [vsyscall]

VM Arguments:
jvm_args: -agentlib:jdwp=transport=dt_socket,suspend=y,address=localhost:48519 -Dfile.encoding=UTF-8 -Xbootclasspath:/home/jorge/Android/sdk/platforms/android-19/android.jar 
java_command: com.staw.util.Dado
Launcher Type: SUN_STANDARD

Environment Variables:
PATH=/usr/lib/lightdm/lightdm:/usr/local/sbin:/usr/local/bin:/usr/sbin:/usr/bin:/sbin:/bin:/usr/games
LD_LIBRARY_PATH=/usr/lib/jvm/java-6-openjdk-amd64/jre/lib/amd64/server:/usr/lib/jvm/java-6-openjdk-amd64/jre/lib/amd64:/usr/lib/jvm/java-6-openjdk-amd64/jre/../lib/amd64
SHELL=/bin/bash
DISPLAY=:0.0

Signal Handlers:
SIGSEGV: [libjvm.so+0x7837c0], sa_mask[0]=0x7ffbfeff, sa_flags=0x10000004
SIGBUS: [libjvm.so+0x7837c0], sa_mask[0]=0x7ffbfeff, sa_flags=0x10000004
SIGFPE: [libjvm.so+0x647740], sa_mask[0]=0x7ffbfeff, sa_flags=0x10000004
SIGPIPE: [libjvm.so+0x647740], sa_mask[0]=0x7ffbfeff, sa_flags=0x10000004
SIGXFSZ: [libjvm.so+0x647740], sa_mask[0]=0x7ffbfeff, sa_flags=0x10000004
SIGILL: [libjvm.so+0x647740], sa_mask[0]=0x7ffbfeff, sa_flags=0x10000004
SIGUSR1: SIG_DFL, sa_mask[0]=0x00000000, sa_flags=0x00000000
SIGUSR2: [libjvm.so+0x647920], sa_mask[0]=0x00000004, sa_flags=0x10000004
SIGHUP: SIG_DFL, sa_mask[0]=0x00000000, sa_flags=0x00000000
SIGINT: SIG_DFL, sa_mask[0]=0x00000000, sa_flags=0x00000000
SIGTERM: SIG_DFL, sa_mask[0]=0x00000000, sa_flags=0x00000000
SIGQUIT: SIG_DFL, sa_mask[0]=0x00000000, sa_flags=0x00000000


---------------  S Y S T E M  ---------------

OS:Ubuntu 12.04 (precise)
uname:Linux 3.2.0-57-generic #87-Ubuntu SMP Tue Nov 12 21:35:10 UTC 2013 x86_64
libc:glibc 2.15 NPTL 2.15 
rlimit: STACK 8192k, CORE 0k, NPROC 127749, NOFILE 4096, AS infinity
load average:2,38 2,17 1,83

/proc/meminfo:
MemTotal:       16435564 kB
MemFree:         6752852 kB
Buffers:          321220 kB
Cached:          4685656 kB
SwapCached:            0 kB
Active:          6378508 kB
Inactive:        2674964 kB
Active(anon):    4049564 kB
Inactive(anon):     9124 kB
Active(file):    2328944 kB
Inactive(file):  2665840 kB
Unevictable:          24 kB
Mlocked:              24 kB
SwapTotal:       7998460 kB
SwapFree:        7998460 kB
Dirty:                92 kB
Writeback:             0 kB
AnonPages:       4046620 kB
Mapped:           287112 kB
Shmem:             12016 kB
Slab:             319948 kB
SReclaimable:     280872 kB
SUnreclaim:        39076 kB
KernelStack:        4624 kB
PageTables:        45256 kB
NFS_Unstable:          0 kB
Bounce:                0 kB
WritebackTmp:          0 kB
CommitLimit:    16216240 kB
Committed_AS:    8213964 kB
VmallocTotal:   34359738367 kB
VmallocUsed:      346536 kB
VmallocChunk:   34359387132 kB
HardwareCorrupted:     0 kB
AnonHugePages:         0 kB
HugePages_Total:       0
HugePages_Free:        0
HugePages_Rsvd:        0
HugePages_Surp:        0
Hugepagesize:       2048 kB
DirectMap4k:      196224 kB
DirectMap2M:    11337728 kB
DirectMap1G:     5242880 kB


CPU:total 4 (4 cores per cpu, 1 threads per core) family 16 model 4 stepping 3, cmov, cx8, fxsr, mmx, sse, sse2, sse3, popcnt, mmxext, 3dnowpref, lzcnt, sse4a

Memory: 4k page, physical 16435564k(6752852k free), swap 7998460k(7998460k free)

vm_info: OpenJDK 64-Bit Server VM (20.0-b12) for linux-amd64 JRE (1.6.0_27-b27), built on Nov 16 2013 15:13:05 by "buildd" with gcc 4.6.3

time: Sun Jan 19 16:00:16 2014
elapsed time: 0 seconds

